ID     Game                                                                   Purchase_Date Developer                           Country
------ ---------------------------------------------------------------------- ------------- ----------------------------------- --------------------
185    Ratchet: Gladiator                                                     2015-01-07    Insomniac Games                     USA
210    Tales of Graces f                                                      2015-01-17    Bandai Namco Studios                Japan
211    Tales of Xillia                                                        2015-01-17    Bandai Namco Studios                Japan
240    Fat Princess: Piece of Cake                                            2015-02-01    One Loop Games                      USA
243    Get Off My Lawn!                                                       2015-02-10    Digital Leisure Inc                 Canada
619    Tales From The Borderlands                                             2015-04-01    Telltale Games                      USA
514    Oddworld: New n Tasty                                                  2015-04-29    Just Add Water Ltd                  England
146    Killer is Dead                                                         2015-06-05    Grasshopper Manufacture             Japan
238    Crazy Market                                                           2015-07-02    The Game Atelier                    France
239    Deathmatch Village                                                     2015-07-02    Bloober Team                        Poland
248    No Heroes Allowed: No Puzzles Either!                                  2015-07-02    ACQUIRE Corp                        Japan
249    Paint Park Plus                                                        2015-07-02    Sony Interactive Entertainment      Japan
260    Table Football                                                         2015-07-02    Sony Interactive Entertainment      Japan
268    Zero Escape: Virtue`s Last Reward                                      2015-07-02    Spike Chunsoft                      Japan
266    Worms Revolution Extreme                                               2015-07-16    Team17                              England
263    Uncharted: Golden Abyss                                                2015-08-02    Bend Studio                         USA
250    PlayStation VITA Pets                                                  2015-08-02    Spiral House                        England
13     Driver                                                                 2015-08-02    Reflections Interactive             England
233    Velocity Ultra                                                         2015-08-08    FuturLab                            England
434    Hotline Miami                                                          2015-08-18    Dennaton Games                      Sweden
246    LEGO Batman 2: DC Super Heroes                                         2015-08-20    TT Games                            England
85     Gravity Crash                                                          2015-08-20    Just Add Water Ltd                  England
87     LEGO Indiana Jones                                                     2015-08-20    TT Games                            England
88     LEGO Batman                                                            2015-08-20    TT Games                            England
89     LEGO Star Wars III: The Clone Wars                                     2015-08-20    TT Games                            England
90     LEGO Pirates of the Caribbean                                          2015-08-20    TT Games                            England
264    Uncharted: Fight for Fortune                                           2015-08-30    Bend Studio                         USA
513    Octodad: Dadliest Catch                                                2015-09-06    Young Horses                        USA
548    Rayman Legends                                                         2015-09-06    Ubisoft Montpellier                 France
709    Yu-Gi-Oh! Legacy of the Duelist                                        2015-09-10    Other Ocean Interactive             Canada
158    Metal Gear Solid 2: Sons of Liberty                                    2015-09-12    Kojima Productions                  Japan
159    Metal Gear Solid 3: Snake Eater                                        2015-09-12    Kojima Productions                  Japan
92     Ratchet & Clank: Size Matters                                          2015-10-02    High Impact Games                   USA
93     Resistance: Retribution                                                2015-10-02    Bend Studio                         USA
21     Gex                                                                    2015-10-02    Crystal Dynamics                    USA
22     Gex 3D: Enter the Gecko                                                2015-10-02    Crystal Dynamics                    USA
23     Gex: Deep Cover Gecko                                                  2015-10-02    Crystal Dynamics                    USA
27     Klonoa: Door to Phantomile (1997)                                      2015-10-02    Bandai Namco Studios                Japan
318    Castlevania Requiem: Symphony of the Night and Rondo of Blood          2015-10-02    Konami                              Japan
192    Rayman Origins                                                         2015-10-22    Ubisoft Montpellier                 France
76     Dead or Alive Paradise                                                 2015-11-13    Project Venus                       Japan
247    ModNation Racers: Road Trip                                            2015-11-18    San Diego Studio                    USA
688    Velocity 2X                                                            2015-11-18    FuturLab                            England
626    Terraria                                                               2015-11-22    Re-Logic                            USA
252    Rocketbirds: Hardboiled Chicken                                        2015-11-28    Ratloop                             USA
671    Twisted Metal: Black                                                   2015-12-05    Incognito Entertainment             USA
647    The Walking Dead Season 1 TTG                                          2015-12-25    Telltale Games                      USA
616    Switch Galaxy Ultra                                                    2015-12-25    Atomicom                            England
373    Duke Nukem 3D                                                          2015-12-25    Gearbox Software                    USA
262    TxK                                                                    2015-12-25    Llamasoft                           England

(50 row(s) affected)

